<?xml version="1.0" encoding="UTF-8"?>
<!-- Generated by org.testng.reporters.JUnitReportReporter -->
<testsuite hostname="hovsepyana-W01" name="firstTest.MyTestClass2" tests="1" failures="0" timestamp="21 Apr 2018 10:36:11 GMT" time="9.557" errors="0">
  <testcase name="firstTest" time="9.557" classname="firstTest.MyTestClass2"/>
</testsuite> <!-- firstTest.MyTestClass2 -->
